[2023-04-01 16:56:07,196]:INFO:iter:1, batch_loss==mmLoss:0.0007053745997109218,dloss:0.08200178891420365==pert:0.00855882279574871==
[2023-04-01 16:56:16,491]:INFO:iter:2, batch_loss==mmLoss:0.0007460431178333238,dloss:0.07814469719305635==pert:0.009666665457189083==
[2023-04-01 16:56:28,477]:INFO:iter:3, batch_loss==mmLoss:0.00046284892698167824,dloss:0.09842276897281409==pert:0.0131078427657485==
[2023-04-01 16:56:40,132]:INFO:iter:4, batch_loss==mmLoss:0.000477192926191492,dloss:0.09373457346111536==pert:0.016176467761397362==
[2023-04-01 16:56:51,255]:INFO:iter:5, batch_loss==mmLoss:0.0006383729432127438,dloss:0.08692113572731613==pert:0.019696079194545746==
[2023-04-01 16:57:02,623]:INFO:iter:6, batch_loss==mmLoss:0.0006556738037033938,dloss:0.08568849977105857==pert:0.022205879911780357==
[2023-04-01 16:57:13,233]:INFO:iter:7, batch_loss==mmLoss:0.0007524790648312774,dloss:0.08350651076063514==pert:0.024441175162792206==
[2023-04-01 16:57:24,205]:INFO:iter:8, batch_loss==mmLoss:0.0007458831407711841,dloss:0.08907802348956466==pert:0.02710784040391445==
[2023-04-01 16:57:35,319]:INFO:iter:9, batch_loss==mmLoss:0.0007530898187360436,dloss:0.08612557793967426==pert:0.029627449810504913==
[2023-04-01 16:57:46,070]:INFO:iter:10, batch_loss==mmLoss:0.0010395226912805811,dloss:0.08568915771320462==pert:0.031872544437646866==
[2023-04-01 16:57:57,125]:INFO:iter:11, batch_loss==mmLoss:0.0015247037987137445,dloss:0.07929259276948869==pert:0.034509800374507904==
[2023-04-01 16:58:08,237]:INFO:iter:12, batch_loss==mmLoss:0.002904433108633384,dloss:0.07504515646025539==pert:0.03649019077420235==
[2023-04-01 16:58:19,553]:INFO:iter:13, batch_loss==mmLoss:0.003410600562347099,dloss:0.07086653160862624==pert:0.03862744942307472==
[2023-04-01 16:58:30,581]:INFO:iter:14, batch_loss==mmLoss:0.003410099715256365,dloss:0.0693108146917075==pert:0.040745094418525696==
[2023-04-01 16:58:42,208]:INFO:iter:15, batch_loss==mmLoss:0.0020520043790747877,dloss:0.08226718151010573==pert:0.04265686124563217==
[2023-04-01 16:58:53,868]:INFO:iter:16, batch_loss==mmLoss:0.003215493527241051,dloss:0.07819208890199661==pert:0.04537254571914673==
[2023-04-01 16:59:06,009]:INFO:iter:17, batch_loss==mmLoss:0.0034402175122158953,dloss:0.06611015734262765==pert:0.04883333295583725==
[2023-04-01 16:59:17,492]:INFO:iter:18, batch_loss==mmLoss:0.0038945146731566636,dloss:0.057011870108544825==pert:0.05177450180053711==
[2023-04-01 16:59:29,167]:INFO:iter:19, batch_loss==mmLoss:0.0043968025699723514,dloss:0.04604587468318641==pert:0.05561764910817146==
[2023-04-01 16:59:41,082]:INFO:iter:20, batch_loss==mmLoss:0.004294275367865339,dloss:0.04385683041065931==pert:0.05893136188387871==
[2023-04-01 16:59:52,957]:INFO:iter:21, batch_loss==mmLoss:0.004462209709927265,dloss:0.028089287634938957==pert:0.06262744963169098==
[2023-04-01 17:00:07,739]:INFO:iter:22, batch_loss==mmLoss:0.004066381553402607,dloss:0.024060455989092587==pert:0.06667646765708923==
[2023-04-01 17:00:22,241]:INFO:iter:23, batch_loss==mmLoss:0.004205445152474567,dloss:0.025322882421314717==pert:0.07109803706407547==
[2023-04-01 17:00:35,968]:INFO:iter:24, batch_loss==mmLoss:0.004437038907781243,dloss:0.02212458211928606==pert:0.07531372457742691==
[2023-04-01 17:00:49,922]:INFO:iter:25, batch_loss==mmLoss:0.00414072640473023,dloss:0.020027352282777428==pert:0.07981371879577637==
[2023-04-01 17:01:04,237]:INFO:iter:26, batch_loss==mmLoss:0.0033728836196542035,dloss:0.015244792420417071==pert:0.08438234776258469==
[2023-04-01 17:01:18,778]:INFO:iter:27, batch_loss==mmLoss:0.0034320255345664918,dloss:0.015200745901092888==pert:0.08871567994356155==
[2023-04-01 17:02:08,117]:INFO:iter:27,original:--P:0.7863247863247863,--R:0.059900166389351084,--F:0.1113202473783275
[2023-04-01 22:18:53,035]:INFO:iter:28, batch_loss==mmLoss:0.0034434670439804902,dloss:0.011844970434904099==pert:0.09303921461105347==
[2023-04-01 22:19:06,980]:INFO:iter:29, batch_loss==mmLoss:0.0023670364047484326,dloss:0.012296833340078592==pert:0.09645098447799683==
[2023-04-01 22:19:25,080]:INFO:iter:30, batch_loss==mmLoss:0.002302387723902939,dloss:0.012949298806488515==pert:0.1007843092083931==
[2023-04-01 22:19:43,238]:INFO:iter:31, batch_loss==mmLoss:0.002126058896246832,dloss:0.013566861897706985==pert:0.10507841408252716==
[2023-04-01 22:20:00,353]:INFO:iter:32, batch_loss==mmLoss:0.0020943709365383255,dloss:0.011854238538071514==pert:0.10930390655994415==
[2023-04-01 22:20:18,773]:INFO:iter:33, batch_loss==mmLoss:0.00200507334433496,dloss:0.010992276864126325==pert:0.11409802734851837==
[2023-04-01 22:20:35,811]:INFO:iter:34, batch_loss==mmLoss:0.0016668974791809888,dloss:0.011188057186082005==pert:0.11816667020320892==
[2023-04-01 22:20:49,522]:INFO:iter:34,original:--P:0.6949152542372882,--R:0.005932142082037185,--F:0.011763861989814217
[2023-04-04 14:51:44,563]:INFO:lambda=0.1
[2023-04-04 14:51:44,563]:INFO:iter=20,mui=0.06
[2023-04-04 14:55:04,994]:INFO:iter:20 mui:0.06 R:0.2493 P:0.7774 F:0.3775 MUI:0.0589
[2023-04-04 14:55:04,995]:INFO:iter=23,mui=0.07
[2023-04-04 14:57:19,739]:INFO:iter:23 mui:0.07 R:0.1415 P:0.7938 F:0.2402 MUI:0.0711
[2023-04-04 14:57:19,739]:INFO:iter=25,mui=0.08
[2023-04-04 14:58:55,329]:INFO:iter:25 mui:0.08 R:0.0942 P:0.7944 F:0.1684 MUI:0.0798
[2023-04-04 14:58:55,329]:INFO:iter=30,mui=0.1
[2023-04-04 14:59:31,445]:INFO:iter:30 mui:0.1 R:0.0260 P:0.7312 F:0.0502 MUI:0.1008
[2023-04-04 14:59:31,445]:INFO:iter=32,mui=0.11
[2023-04-04 14:59:54,031]:INFO:iter:32 mui:0.11 R:0.0133 P:0.7132 F:0.0261 MUI:0.1093
