[2023-04-01 17:32:24,868]:INFO:iter:1, batch_loss==mmLoss:0.0007053677123622038,dloss:0.08200245538726449==pert:0.008405229076743126==
[2023-04-01 17:32:34,059]:INFO:iter:2, batch_loss==mmLoss:0.000752818175824359,dloss:0.07816998551599681==pert:0.009372547268867493==
[2023-04-01 17:32:46,119]:INFO:iter:3, batch_loss==mmLoss:0.0004827284986095037,dloss:0.09847084037959576==pert:0.012849671766161919==
[2023-04-01 17:32:57,820]:INFO:iter:4, batch_loss==mmLoss:0.0005287342582596466,dloss:0.09409799126908183==pert:0.015490193851292133==
[2023-04-01 17:33:09,361]:INFO:iter:5, batch_loss==mmLoss:0.0006464891810901463,dloss:0.08987498138099909==pert:0.01854901947081089==
[2023-04-01 17:33:19,541]:INFO:iter:6, batch_loss==mmLoss:0.0007945124077195942,dloss:0.08486446994356811==pert:0.02154248207807541==
[2023-04-01 17:33:31,043]:INFO:iter:7, batch_loss==mmLoss:0.0007015332215814851,dloss:0.08753203382715583==pert:0.024697165936231613==
[2023-04-01 17:33:41,935]:INFO:iter:8, batch_loss==mmLoss:0.000725613728936878,dloss:0.08396386934444308==pert:0.02732897736132145==
[2023-04-01 17:33:53,015]:INFO:iter:9, batch_loss==mmLoss:0.0009987175853166264,dloss:0.08690621424466372==pert:0.030183004215359688==
[2023-04-01 17:34:04,313]:INFO:iter:10, batch_loss==mmLoss:0.0009258812144980766,dloss:0.08831807421520352==pert:0.032592590898275375==
[2023-04-01 17:34:14,846]:INFO:iter:11, batch_loss==mmLoss:0.0020482487412118644,dloss:0.08200123062357306==pert:0.03523746877908707==
[2023-04-01 17:34:26,660]:INFO:iter:12, batch_loss==mmLoss:0.0032757538883015514,dloss:0.07869657514616847==pert:0.037520695477724075==
[2023-04-01 17:34:37,374]:INFO:iter:13, batch_loss==mmLoss:0.0040050898364279415,dloss:0.07247483816929162==pert:0.03960347920656204==
[2023-04-01 17:34:48,238]:INFO:iter:14, batch_loss==mmLoss:0.006152734668576159,dloss:0.05822370569221676==pert:0.04160784184932709==
[2023-04-01 17:34:59,684]:INFO:iter:15, batch_loss==mmLoss:0.004615578647935763,dloss:0.07211670503951609==pert:0.043877992779016495==
[2023-04-01 17:35:11,034]:INFO:iter:16, batch_loss==mmLoss:0.008036493237596006,dloss:0.06802231182344258==pert:0.04637908190488815==
[2023-04-01 17:35:22,822]:INFO:iter:17, batch_loss==mmLoss:0.007469045233447105,dloss:0.055937397023662926==pert:0.049167752265930176==
[2023-04-01 17:35:34,201]:INFO:iter:18, batch_loss==mmLoss:0.011041049145860597,dloss:0.048267750069499016==pert:0.052078429609537125==
[2023-04-01 17:35:46,441]:INFO:iter:19, batch_loss==mmLoss:0.009124260435346514,dloss:0.03623161238618195==pert:0.055220041424036026==
[2023-04-01 17:35:57,874]:INFO:iter:20, batch_loss==mmLoss:0.012791338398819789,dloss:0.0334002035856247==pert:0.05837036669254303==
[2023-04-01 17:36:09,128]:INFO:iter:21, batch_loss==mmLoss:0.011873759908557985,dloss:0.031340295281261206==pert:0.06160348281264305==
[2023-04-01 17:36:23,978]:INFO:iter:22, batch_loss==mmLoss:0.011695050382986665,dloss:0.020332632446661593==pert:0.06507624685764313==
[2023-04-01 17:36:38,681]:INFO:iter:23, batch_loss==mmLoss:0.009927947479300201,dloss:0.02295842731371522==pert:0.06836165487766266==
[2023-04-01 17:36:53,175]:INFO:iter:24, batch_loss==mmLoss:0.00915217079455033,dloss:0.01762490197084844==pert:0.07198692113161087==
[2023-04-01 17:37:07,433]:INFO:iter:25, batch_loss==mmLoss:0.008908547139071743,dloss:0.016832485934719442==pert:0.07535074651241302==
[2023-04-01 17:37:21,706]:INFO:iter:26, batch_loss==mmLoss:0.007296804261859507,dloss:0.01845501746982336==pert:0.07873201370239258==
[2023-04-01 17:37:36,257]:INFO:iter:27, batch_loss==mmLoss:0.006165046278256341,dloss:0.014129763720557093==pert:0.08272331207990646==
[2023-04-01 17:37:51,129]:INFO:iter:28, batch_loss==mmLoss:0.005379446346487384,dloss:0.014673925926908851==pert:0.08662308752536774==
[2023-04-01 17:38:05,652]:INFO:iter:29, batch_loss==mmLoss:0.005033629046520219,dloss:0.012601467007771134==pert:0.09033986181020737==
[2023-04-01 17:38:44,768]:INFO:iter:29,original:--P:0.7510373443983402,--R:0.039282355494465744,--F:0.07465970026124019
[2023-04-01 22:33:05,945]:INFO:iter:30, batch_loss==mmLoss:0.004030799213724095,dloss:0.014377770433202385==pert:0.0940392017364502==
[2023-04-01 22:33:23,261]:INFO:iter:31, batch_loss==mmLoss:0.003560252334573306,dloss:0.011781942415982485==pert:0.09795641899108887==
[2023-04-01 22:33:40,222]:INFO:iter:32, batch_loss==mmLoss:0.003077230668422999,dloss:0.012479934990406037==pert:0.1008017435669899==
[2023-04-01 22:33:57,820]:INFO:iter:33, batch_loss==mmLoss:0.0025814507389441133,dloss:0.011935654208064079==pert:0.10404791682958603==
[2023-04-01 22:34:15,167]:INFO:iter:34, batch_loss==mmLoss:0.0022553941688966007,dloss:0.011087243612855673==pert:0.10738561302423477==
[2023-04-01 22:34:32,382]:INFO:iter:35, batch_loss==mmLoss:0.0019312342147895832,dloss:0.011369588961824774==pert:0.11091066896915436==
[2023-04-01 22:34:48,333]:INFO:iter:36, batch_loss==mmLoss:0.0020047783020709174,dloss:0.010943770166486502==pert:0.11461000889539719==
[2023-04-01 22:35:05,734]:INFO:iter:37, batch_loss==mmLoss:0.0016195199824869634,dloss:0.010570421358570456==pert:0.11857952177524567==
[2023-04-01 22:35:16,368]:INFO:iter:37,original:--P:0.6,--R:0.0013021775302032843,--F:0.002598715079766116
[2023-04-04 14:59:54,078]:INFO:lambda=0.1
[2023-04-04 14:59:54,085]:INFO:iter=21,mui=0.06
[2023-04-04 15:02:54,600]:INFO:iter:21 mui:0.06 R:0.2099 P:0.7732 F:0.3301 MUI:0.0616
[2023-04-04 15:02:54,600]:INFO:iter=24,mui=0.07
[2023-04-04 15:04:54,839]:INFO:iter:24 mui:0.07 R:0.1214 P:0.7787 F:0.2100 MUI:0.0720
[2023-04-04 15:04:54,839]:INFO:iter=26,mui=0.08
[2023-04-04 15:06:25,947]:INFO:iter:26 mui:0.08 R:0.0803 P:0.7361 F:0.1448 MUI:0.0787
[2023-04-04 15:06:25,947]:INFO:iter=32,mui=0.1
[2023-04-04 15:06:51,644]:INFO:iter:32 mui:0.1 R:0.0142 P:0.7206 F:0.0278 MUI:0.1008
[2023-04-04 15:06:51,644]:INFO:iter=35,mui=0.11
[2023-04-04 15:07:04,760]:INFO:iter:35 mui:0.11 R:0.0026 P:0.5625 F:0.0052 MUI:0.1109
