[2023-03-29 18:31:45,721]:INFO:iter:1, batch_loss==mmLoss:0.00070530106422666,dloss:0.08199856135994196==pert:0.00706156762316823==
[2023-03-29 18:31:55,797]:INFO:iter:2, batch_loss==mmLoss:0.0007691180453184643,dloss:0.0781274382583797==pert:0.009558038786053658==
[2023-03-29 18:32:08,787]:INFO:iter:3, batch_loss==mmLoss:0.0005283021090144757,dloss:0.09825130559504032==pert:0.013190587982535362==
[2023-03-29 18:32:21,437]:INFO:iter:4, batch_loss==mmLoss:0.0005778124059725087,dloss:0.09386741759255529==pert:0.01583843119442463==
[2023-03-29 18:32:33,467]:INFO:iter:5, batch_loss==mmLoss:0.0006325957652006764,dloss:0.08862336309626699==pert:0.018615683540701866==
[2023-03-29 18:32:45,232]:INFO:iter:6, batch_loss==mmLoss:0.0006539116978433412,dloss:0.08519671865738929==pert:0.021052546799182892==
[2023-03-29 18:32:57,258]:INFO:iter:7, batch_loss==mmLoss:0.0006683584315760526,dloss:0.087040053922683==pert:0.023719212040305138==
[2023-03-29 18:33:09,123]:INFO:iter:8, batch_loss==mmLoss:0.0006839740366558544,dloss:0.08599828716367483==pert:0.026202742010354996==
[2023-03-29 18:33:21,212]:INFO:iter:9, batch_loss==mmLoss:0.0006459553503373172,dloss:0.08639571744948625==pert:0.02877294085919857==
[2023-03-29 18:33:33,157]:INFO:iter:10, batch_loss==mmLoss:0.0005881361226784066,dloss:0.08307227283716202==pert:0.03129568323493004==
[2023-03-29 18:33:45,060]:INFO:iter:11, batch_loss==mmLoss:0.0006280498097476084,dloss:0.08473759761080146==pert:0.03375843167304993==
[2023-03-29 18:33:57,154]:INFO:iter:12, batch_loss==mmLoss:0.0005482361147414849,dloss:0.08202326429076492==pert:0.03600313887000084==
[2023-03-29 18:34:08,935]:INFO:iter:13, batch_loss==mmLoss:0.0006310019850207027,dloss:0.08310296505689621==pert:0.038366273045539856==
[2023-03-29 18:34:21,015]:INFO:iter:14, batch_loss==mmLoss:0.0004752709845342906,dloss:0.07924743238836526==pert:0.0407596081495285==
[2023-03-29 18:34:34,536]:INFO:iter:15, batch_loss==mmLoss:0.00044907573588716333,dloss:0.08471239207312464==pert:0.04298901930451393==
[2023-03-29 18:34:47,047]:INFO:iter:16, batch_loss==mmLoss:0.0005123973764420953,dloss:0.08482754966244102==pert:0.04551568254828453==
[2023-03-29 18:34:59,857]:INFO:iter:17, batch_loss==mmLoss:0.0005054807101441838,dloss:0.08224070915021002==pert:0.048047054558992386==
[2023-03-29 18:35:12,028]:INFO:iter:18, batch_loss==mmLoss:0.000603849052276928,dloss:0.08052592147141695==pert:0.05040234699845314==
[2023-03-29 18:35:27,393]:INFO:iter:19, batch_loss==mmLoss:0.0009571508129010909,dloss:0.07661655940115451==pert:0.053044311702251434==
[2023-03-29 18:35:42,673]:INFO:iter:20, batch_loss==mmLoss:0.0015060481760883703,dloss:0.0731995319854468==pert:0.055710192769765854==
[2023-03-29 18:35:58,268]:INFO:iter:21, batch_loss==mmLoss:0.002239534134278074,dloss:0.06201758745126426==pert:0.05841607600450516==
[2023-03-29 18:36:13,545]:INFO:iter:22, batch_loss==mmLoss:0.002911974925082177,dloss:0.05547271596267819==pert:0.06127842515707016==
[2023-03-29 18:36:29,232]:INFO:iter:23, batch_loss==mmLoss:0.0030355470433278244,dloss:0.04775111007504165==pert:0.06421136856079102==
[2023-03-29 18:36:44,733]:INFO:iter:24, batch_loss==mmLoss:0.0033611207525973442,dloss:0.036871897038072345==pert:0.06722313910722733==
[2023-03-29 18:37:00,559]:INFO:iter:25, batch_loss==mmLoss:0.0034146870404947547,dloss:0.03238366171717644==pert:0.07040195167064667==
[2023-03-29 18:37:16,317]:INFO:iter:26, batch_loss==mmLoss:0.00343992943468038,dloss:0.02399123919196427==pert:0.07373372465372086==
[2023-03-29 18:37:31,647]:INFO:iter:27, batch_loss==mmLoss:0.0038808643372613004,dloss:0.022802171520888804==pert:0.07699450850486755==
[2023-03-29 18:37:46,119]:INFO:iter:28, batch_loss==mmLoss:0.0037475650044325446,dloss:0.017601977409794925==pert:0.08028901368379593==
[2023-03-29 18:38:01,910]:INFO:iter:29, batch_loss==mmLoss:0.0034711309901831553,dloss:0.01648928507231176==pert:0.0835493952035904==
[2023-03-29 18:38:18,856]:INFO:iter:30, batch_loss==mmLoss:0.0030546078739280345,dloss:0.016204272359609605==pert:0.08682823181152344==
[2023-03-29 18:38:35,541]:INFO:iter:31, batch_loss==mmLoss:0.0028999448235845194,dloss:0.01369449813850224==pert:0.09020431339740753==
[2023-03-29 18:39:35,734]:INFO:iter:31,original:--P:0.7377551020408163,--R:0.05230413079649859,--F:0.09768290211443625
[2023-03-29 18:39:51,361]:INFO:iter:32, batch_loss==mmLoss:0.0027693353030917934,dloss:0.01357433750294149==pert:0.09333450347185135==
[2023-04-01 23:23:39,345]:INFO:iter:1, batch_loss==mmLoss:0.0007054792582493974,dloss:0.08200008040294052==pert:0.007100392132997513==
[2023-04-01 23:23:50,001]:INFO:iter:2, batch_loss==mmLoss:0.0007661319150611234,dloss:0.07812174901366234==pert:0.009649409912526608==
[2023-04-01 23:24:03,775]:INFO:iter:3, batch_loss==mmLoss:0.0005162522652244661,dloss:0.09823522392660379==pert:0.01325254701077938==
[2023-04-01 23:24:17,130]:INFO:iter:4, batch_loss==mmLoss:0.0005747547831560951,dloss:0.09386611234396697==pert:0.016042351722717285==
[2023-04-01 23:24:29,880]:INFO:iter:5, batch_loss==mmLoss:0.0006849726858649774,dloss:0.09035947343334555==pert:0.01879960671067238==
[2023-04-01 23:24:42,256]:INFO:iter:6, batch_loss==mmLoss:0.0007660928955010604,dloss:0.08842690803110599==pert:0.02139333263039589==
[2023-04-01 23:24:55,174]:INFO:iter:7, batch_loss==mmLoss:0.000647969192614255,dloss:0.08811464053578674==pert:0.024006664752960205==
[2023-04-01 23:25:07,694]:INFO:iter:8, batch_loss==mmLoss:0.000689190216435236,dloss:0.08519920911639929==pert:0.02646627463400364==
[2023-04-01 23:25:20,491]:INFO:iter:9, batch_loss==mmLoss:0.0006444490718422458,dloss:0.0825846104696393==pert:0.028905879706144333==
[2023-04-01 23:25:33,029]:INFO:iter:10, batch_loss==mmLoss:0.000677126515947748,dloss:0.0856019770167768==pert:0.03133411332964897==
[2023-04-01 23:25:45,658]:INFO:iter:11, batch_loss==mmLoss:0.0006259460884029977,dloss:0.0831045813113451==pert:0.03382352739572525==
[2023-04-01 23:25:58,005]:INFO:iter:12, batch_loss==mmLoss:0.0005657089831811391,dloss:0.0825996296480298==pert:0.036123525351285934==
[2023-04-01 23:26:10,837]:INFO:iter:13, batch_loss==mmLoss:0.0005396093183662742,dloss:0.08059305997565389==pert:0.03854431211948395==
[2023-04-01 23:26:23,774]:INFO:iter:14, batch_loss==mmLoss:0.00045120683571440166,dloss:0.0809563242085278==pert:0.04104313254356384==
[2023-04-01 23:26:36,328]:INFO:iter:15, batch_loss==mmLoss:0.0004970120500365738,dloss:0.08440721860155463==pert:0.04337568208575249==
[2023-04-01 23:26:50,420]:INFO:iter:16, batch_loss==mmLoss:0.00041456520615611224,dloss:0.08453385246917605==pert:0.04581058770418167==
[2023-04-01 23:27:03,878]:INFO:iter:17, batch_loss==mmLoss:0.0003916816998662398,dloss:0.0826249059382826==pert:0.048487842082977295==
[2023-04-01 23:27:16,541]:INFO:iter:18, batch_loss==mmLoss:0.0003956088744234876,dloss:0.07868982198648154==pert:0.051120780408382416==
[2023-04-01 23:27:30,155]:INFO:iter:19, batch_loss==mmLoss:0.00034749754282529464,dloss:0.08437933130189776==pert:0.05394940450787544==
[2023-04-01 23:27:43,671]:INFO:iter:20, batch_loss==mmLoss:0.0003163127463994897,dloss:0.07994232008233666==pert:0.056708626449108124==
[2023-04-01 23:27:57,232]:INFO:iter:21, batch_loss==mmLoss:0.00035702023888006806,dloss:0.08284701315686106==pert:0.05954038351774216==
[2023-04-01 23:28:09,919]:INFO:iter:22, batch_loss==mmLoss:0.0005266300740822771,dloss:0.07300621181726456==pert:0.06224587932229042==
[2023-04-01 23:28:26,662]:INFO:iter:23, batch_loss==mmLoss:0.0007841101766098291,dloss:0.06414084705524147==pert:0.06505254656076431==
[2023-04-01 23:28:43,275]:INFO:iter:24, batch_loss==mmLoss:0.0016204141703201457,dloss:0.06081494896672666==pert:0.06797175854444504==
[2023-04-01 23:29:00,459]:INFO:iter:25, batch_loss==mmLoss:0.0021381668554386122,dloss:0.05003350785933435==pert:0.07093450427055359==
[2023-04-01 23:29:16,474]:INFO:iter:26, batch_loss==mmLoss:0.002908730863709934,dloss:0.0409008945338428==pert:0.07405489683151245==
[2023-04-01 23:29:33,567]:INFO:iter:27, batch_loss==mmLoss:0.0031154935451922936,dloss:0.03182316828519106==pert:0.07729920744895935==
[2023-04-01 23:29:49,153]:INFO:iter:28, batch_loss==mmLoss:0.0038472258528418025,dloss:0.027247938765212892==pert:0.08054744452238083==
[2023-04-01 23:30:04,933]:INFO:iter:29, batch_loss==mmLoss:0.0037997682228888153,dloss:0.019014820298179982==pert:0.08374979346990585==
[2023-04-01 23:30:22,202]:INFO:iter:30, batch_loss==mmLoss:0.003906618245528079,dloss:0.021900750473141672==pert:0.08692312985658646==
[2023-04-01 23:30:38,407]:INFO:iter:31, batch_loss==mmLoss:0.0037101502234690997,dloss:0.017473771199584008==pert:0.09021253883838654==
[2023-04-01 23:30:55,629]:INFO:iter:32, batch_loss==mmLoss:0.003368001595372334,dloss:0.01499320950359106==pert:0.09330704063177109==
[2023-04-01 23:31:13,966]:INFO:iter:33, batch_loss==mmLoss:0.0033909315668279303,dloss:0.014954437986016273==pert:0.09633568674325943==
[2023-04-01 23:31:32,065]:INFO:iter:34, batch_loss==mmLoss:0.0032408955090795642,dloss:0.013531959243118763==pert:0.09948940575122833==
[2023-04-01 23:31:50,322]:INFO:iter:35, batch_loss==mmLoss:0.0030678665766026825,dloss:0.013125020368024707==pert:0.10256234556436539==
[2023-04-01 23:32:08,262]:INFO:iter:36, batch_loss==mmLoss:0.0029333604100065715,dloss:0.013651069113984704==pert:0.10544705390930176==
[2023-04-01 23:32:26,248]:INFO:iter:37, batch_loss==mmLoss:0.002649330695276149,dloss:0.012080974010750652==pert:0.10837136209011078==
[2023-04-01 23:32:43,940]:INFO:iter:38, batch_loss==mmLoss:0.002283346236399666,dloss:0.01205704914405942==pert:0.11126940697431564==
[2023-04-01 23:33:01,348]:INFO:iter:39, batch_loss==mmLoss:0.0021951112858369015,dloss:0.011446195021271706==pert:0.11409410089254379==
[2023-04-01 23:33:18,481]:INFO:iter:40, batch_loss==mmLoss:0.0018742875300813465,dloss:0.011284861993044615==pert:0.11688155680894852==
[2023-04-01 23:33:35,313]:INFO:iter:41, batch_loss==mmLoss:0.001749622691422701,dloss:0.01072122536599636==pert:0.1196572482585907==
[2023-04-01 23:33:49,592]:INFO:iter:41,original:--P:0.6014492753623188,--R:0.0060044852781595895,--F:0.011890265740276487
[2023-04-04 15:17:04,177]:INFO:lambda=0.1
[2023-04-04 15:17:04,177]:INFO:iter=21,mui=0.06
[2023-04-04 15:22:47,895]:INFO:iter:21 mui:0.06 R:0.6692 P:0.6826 F:0.6758 MUI:0.0595
[2023-04-04 15:22:47,896]:INFO:iter=25,mui=0.07
[2023-04-04 15:25:54,841]:INFO:iter:25 mui:0.07 R:0.2600 P:0.7122 F:0.3809 MUI:0.0709
[2023-04-04 15:25:54,841]:INFO:iter=28,mui=0.08
[2023-04-04 15:27:54,992]:INFO:iter:28 mui:0.08 R:0.1388 P:0.7185 F:0.2327 MUI:0.0805
[2023-04-04 15:27:54,992]:INFO:iter=34,mui=0.1
[2023-04-04 15:28:38,054]:INFO:iter:34 mui:0.1 R:0.0383 P:0.7465 F:0.0729 MUI:0.0995
[2023-04-04 15:28:38,054]:INFO:iter=38,mui=0.11
[2023-04-04 15:28:58,217]:INFO:iter:38 mui:0.11 R:0.0119 P:0.6457 F:0.0233 MUI:0.1113
