[2023-04-01 15:53:56,073]:INFO:iter:1, batch_loss==mmLoss:0.0007051541178952903,dloss:0.08199775459244847==pert:0.009294116869568825==
[2023-04-01 15:54:05,267]:INFO:iter:2, batch_loss==mmLoss:0.000736591855820734,dloss:0.07820158043876291==pert:0.00913725420832634==
[2023-04-01 15:54:17,193]:INFO:iter:3, batch_loss==mmLoss:0.0005106164040626027,dloss:0.09865753043442965==pert:0.012784313410520554==
[2023-04-01 15:54:28,766]:INFO:iter:4, batch_loss==mmLoss:0.0004826433719426859,dloss:0.09426952941343188==pert:0.016196075826883316==
[2023-04-01 15:54:39,715]:INFO:iter:5, batch_loss==mmLoss:0.0007362176676178933,dloss:0.09035595618188381==pert:0.019411765038967133==
[2023-04-01 15:54:50,814]:INFO:iter:6, batch_loss==mmLoss:0.0007966924064385239,dloss:0.0902487051859498==pert:0.0226274486631155==
[2023-04-01 15:55:02,244]:INFO:iter:7, batch_loss==mmLoss:0.0007147645618533716,dloss:0.08298973290249706==pert:0.025529412552714348==
[2023-04-01 15:55:12,752]:INFO:iter:8, batch_loss==mmLoss:0.0008329509991744999,dloss:0.08298632368445397==pert:0.028156859800219536==
[2023-04-01 15:55:23,488]:INFO:iter:9, batch_loss==mmLoss:0.0007659983611756616,dloss:0.08662788031622767==pert:0.03117646835744381==
[2023-04-01 15:55:34,354]:INFO:iter:10, batch_loss==mmLoss:0.0008306691003963352,dloss:0.08579434618353844==pert:0.03411764279007912==
[2023-04-01 15:55:45,389]:INFO:iter:11, batch_loss==mmLoss:0.00081582518101186,dloss:0.08244318949989975==pert:0.03690195828676224==
[2023-04-01 15:55:56,845]:INFO:iter:12, batch_loss==mmLoss:0.0008481752270017751,dloss:0.08616953767836094==pert:0.03996078297495842==
[2023-04-01 15:56:07,558]:INFO:iter:13, batch_loss==mmLoss:0.0007458280600349099,dloss:0.07963955358602107==pert:0.04368627071380615==
[2023-04-01 15:56:18,643]:INFO:iter:14, batch_loss==mmLoss:0.0007263192169193644,dloss:0.08403540339320897==pert:0.04690195620059967==
[2023-04-01 15:56:30,049]:INFO:iter:15, batch_loss==mmLoss:0.0006689925008868158,dloss:0.08224319090135396==pert:0.04992156848311424==
[2023-04-01 15:56:41,781]:INFO:iter:16, batch_loss==mmLoss:0.000720426847692579,dloss:0.08534113865345716==pert:0.05290195345878601==
[2023-04-01 15:56:53,218]:INFO:iter:17, batch_loss==mmLoss:0.0007764734208467416,dloss:0.08417931817471981==pert:0.05721567943692207==
[2023-04-01 15:57:05,567]:INFO:iter:18, batch_loss==mmLoss:0.0006705217543412801,dloss:0.08457308870740235==pert:0.06160784512758255==
[2023-04-01 15:57:19,369]:INFO:iter:19, batch_loss==mmLoss:0.0006729113266919739,dloss:0.08138392949476839==pert:0.06599999219179153==
[2023-04-01 15:57:34,146]:INFO:iter:20, batch_loss==mmLoss:0.0006397599430056289,dloss:0.08327502805739641==pert:0.07101960480213165==
[2023-04-01 15:57:48,442]:INFO:iter:21, batch_loss==mmLoss:0.0007023817792651244,dloss:0.08045991554856301==pert:0.0761568546295166==
[2023-04-01 15:58:02,544]:INFO:iter:22, batch_loss==mmLoss:0.0006370644766775513,dloss:0.07942010516300797==pert:0.08094117790460587==
[2023-04-01 15:58:17,227]:INFO:iter:23, batch_loss==mmLoss:0.0005486099686822854,dloss:0.07882320770062506==pert:0.0855686217546463==
[2023-04-01 15:58:31,073]:INFO:iter:24, batch_loss==mmLoss:0.000562973129999591,dloss:0.0765808860398829==pert:0.08933333307504654==
[2023-04-01 16:02:23,839]:INFO:iter:24,original:--P:0.6701477330616403,--R:0.5710048469941402,--F:0.6166165384164681
[2023-04-01 21:50:53,429]:INFO:iter:25, batch_loss==mmLoss:0.0005628712645193445,dloss:0.0730507912300527==pert:0.0931372418999672==
[2023-04-01 21:51:10,405]:INFO:iter:26, batch_loss==mmLoss:0.0003815335601575498,dloss:0.07143675653263927==pert:0.0967450886964798==
[2023-04-01 21:51:26,969]:INFO:iter:27, batch_loss==mmLoss:0.0003497917512413551,dloss:0.06321663179434836==pert:0.10058823972940445==
[2023-04-01 21:51:44,379]:INFO:iter:28, batch_loss==mmLoss:0.0003171155892778188,dloss:0.05640530209988356==pert:0.10454901307821274==
[2023-04-01 21:51:59,697]:INFO:iter:29, batch_loss==mmLoss:0.00034024867418338547,dloss:0.050663076983764765==pert:0.10870587825775146==
[2023-04-01 21:52:16,401]:INFO:iter:30, batch_loss==mmLoss:0.00033180313304001177,dloss:0.039164007799699904==pert:0.11282350867986679==
[2023-04-01 21:52:34,677]:INFO:iter:31, batch_loss==mmLoss:0.00034670028602704403,dloss:0.037411255016922954==pert:0.11709803342819214==
[2023-04-01 21:52:51,503]:INFO:iter:32, batch_loss==mmLoss:0.000396538276904721,dloss:0.033203854132443665==pert:0.12192156165838242==
[2023-04-01 21:54:11,104]:INFO:iter:32,original:--P:0.606694560669456,--R:0.08391810750198944,--F:0.14744200826183668
[2023-04-04 14:28:26,269]:INFO:lambda=0.001
[2023-04-04 14:28:26,270]:INFO:iter=18,mui=0.06
[2023-04-04 14:34:29,429]:INFO:iter:18 mui:0.06 R:0.8649 P:0.8893 F:0.8769 MUI:0.0616
[2023-04-04 14:34:29,429]:INFO:iter=20,mui=0.07
[2023-04-04 14:40:38,305]:INFO:iter:20 mui:0.07 R:0.8150 P:0.8332 F:0.8240 MUI:0.0710
[2023-04-04 14:40:38,305]:INFO:iter=22,mui=0.08
[2023-04-04 14:46:32,682]:INFO:iter:22 mui:0.08 R:0.7411 P:0.7649 F:0.7528 MUI:0.0809
[2023-04-04 14:46:32,682]:INFO:iter=27,mui=0.1
[2023-04-04 14:49:40,700]:INFO:iter:27 mui:0.1 R:0.2601 P:0.5961 F:0.3622 MUI:0.1006
[2023-04-04 14:49:40,700]:INFO:iter=29,mui=0.11
[2023-04-04 14:51:44,521]:INFO:iter:29 mui:0.11 R:0.1623 P:0.6155 F:0.2568 MUI:0.1087
