[2023-04-01 20:17:32,626]:INFO:iter:1, batch_loss==mmLoss:0.0007055380409292411,dloss:0.08199889659881592==pert:0.0065449015237390995==
[2023-04-01 20:17:43,241]:INFO:iter:2, batch_loss==mmLoss:0.0007710285487883084,dloss:0.07809933974407614==pert:0.009518725797533989==
[2023-04-01 20:17:56,949]:INFO:iter:3, batch_loss==mmLoss:0.0005216900161758531,dloss:0.09826129358261823==pert:0.012895586900413036==
[2023-04-01 20:18:10,281]:INFO:iter:4, batch_loss==mmLoss:0.0005553747921658214,dloss:0.09402165120467544==pert:0.015415195375680923==
[2023-04-01 20:18:22,127]:INFO:iter:5, batch_loss==mmLoss:0.0007675912836566567,dloss:0.08870536586269737==pert:0.017949508503079414==
[2023-04-01 20:18:34,667]:INFO:iter:6, batch_loss==mmLoss:0.0006306353537502219,dloss:0.08586585522629321==pert:0.020267058163881302==
[2023-04-01 20:18:47,316]:INFO:iter:7, batch_loss==mmLoss:0.0006865000670950394,dloss:0.08751585515215993==pert:0.022587446495890617==
[2023-04-01 20:19:00,337]:INFO:iter:8, batch_loss==mmLoss:0.0005704339531075676,dloss:0.08660084186121822==pert:0.024745292961597443==
[2023-04-01 20:19:13,086]:INFO:iter:9, batch_loss==mmLoss:0.0006049963043915341,dloss:0.08676273096352816==pert:0.02692989818751812==
[2023-04-01 20:19:26,366]:INFO:iter:10, batch_loss==mmLoss:0.0005325870330852922,dloss:0.08622788958251476==pert:0.029010094702243805==
[2023-04-01 20:19:38,759]:INFO:iter:11, batch_loss==mmLoss:0.0005830816177467568,dloss:0.079536874871701==pert:0.03107793815433979==
[2023-04-01 20:19:51,417]:INFO:iter:12, batch_loss==mmLoss:0.0005493028029741253,dloss:0.08514241045340895==pert:0.033098723739385605==
[2023-04-01 20:20:04,032]:INFO:iter:13, batch_loss==mmLoss:0.0005478150870476384,dloss:0.08212747177109123==pert:0.035178329795598984==
[2023-04-01 20:20:16,180]:INFO:iter:14, batch_loss==mmLoss:0.0005510261255403748,dloss:0.0819413622841239==pert:0.03722098097205162==
[2023-04-01 20:20:29,471]:INFO:iter:15, batch_loss==mmLoss:0.0004536494072817732,dloss:0.08657162281684577==pert:0.03919529169797897==
[2023-04-01 20:20:42,483]:INFO:iter:16, batch_loss==mmLoss:0.0004966491765662794,dloss:0.08455264266580344==pert:0.04113735258579254==
[2023-04-01 20:20:55,963]:INFO:iter:17, batch_loss==mmLoss:0.0004700463407789357,dloss:0.08176124598830939==pert:0.043256957083940506==
[2023-04-01 20:21:09,618]:INFO:iter:18, batch_loss==mmLoss:0.0005052776465890929,dloss:0.08252442812547088==pert:0.045276470482349396==
[2023-04-01 20:21:22,903]:INFO:iter:19, batch_loss==mmLoss:0.0005541798939520959,dloss:0.08102964268997312==pert:0.04739048704504967==
[2023-04-01 20:21:35,871]:INFO:iter:20, batch_loss==mmLoss:0.0006602225499227642,dloss:0.07996035911142826==pert:0.04955430328845978==
[2023-04-01 20:21:49,390]:INFO:iter:21, batch_loss==mmLoss:0.0009588088718010113,dloss:0.07911681348457933==pert:0.05181901529431343==
[2023-04-01 20:22:02,596]:INFO:iter:22, batch_loss==mmLoss:0.0013575940161535982,dloss:0.06809187239967286==pert:0.05419009551405907==
[2023-04-01 20:22:15,787]:INFO:iter:23, batch_loss==mmLoss:0.0018577595532406122,dloss:0.0636664915457368==pert:0.05673225224018097==
[2023-04-01 20:22:29,484]:INFO:iter:24, batch_loss==mmLoss:0.0026624323368741897,dloss:0.058674186198040844==pert:0.0593184269964695==
[2023-04-01 20:22:42,957]:INFO:iter:25, batch_loss==mmLoss:0.0030651884648432316,dloss:0.048634370593354105==pert:0.062136564403772354==
[2023-04-01 20:22:58,717]:INFO:iter:26, batch_loss==mmLoss:0.0036888321908190845,dloss:0.036909623993560674==pert:0.06497960537672043==
[2023-04-01 20:23:14,905]:INFO:iter:27, batch_loss==mmLoss:0.003911208985955455,dloss:0.02486900127492845==pert:0.06795862317085266==
[2023-04-01 20:23:31,412]:INFO:iter:28, batch_loss==mmLoss:0.004239377697813324,dloss:0.026701785624027252==pert:0.07088205218315125==
[2023-04-01 20:23:48,006]:INFO:iter:29, batch_loss==mmLoss:0.004349600787427335,dloss:0.027534975530579688==pert:0.0738515630364418==
[2023-04-01 20:24:05,525]:INFO:iter:30, batch_loss==mmLoss:0.0038839967519743368,dloss:0.02029260733164847==pert:0.07676166296005249==
[2023-04-01 20:24:23,384]:INFO:iter:31, batch_loss==mmLoss:0.004122699742420082,dloss:0.019316939078271388==pert:0.07964234799146652==
[2023-04-01 20:24:40,663]:INFO:iter:32, batch_loss==mmLoss:0.004317214015172794,dloss:0.015846476415172218==pert:0.08244764059782028==
[2023-04-01 20:24:57,939]:INFO:iter:33, batch_loss==mmLoss:0.004257342488563154,dloss:0.017329797968268393==pert:0.08513479679822922==
[2023-04-01 20:25:16,013]:INFO:iter:34, batch_loss==mmLoss:0.004013635981827975,dloss:0.017215677723288535==pert:0.08789774775505066==
[2023-04-01 20:25:33,915]:INFO:iter:35, batch_loss==mmLoss:0.003808642445364967,dloss:0.0126933906506747==pert:0.09047352522611618==
[2023-04-01 20:26:43,693]:INFO:iter:35,original:--P:0.773308957952468,--R:0.06120234391955436,--F:0.11342763290205804
[2023-04-02 00:12:43,157]:INFO:iter:36, batch_loss==mmLoss:0.004526718911074567,dloss:0.01146647397428751==pert:0.09276656806468964==
[2023-04-02 00:12:57,721]:INFO:iter:37, batch_loss==mmLoss:0.003999705262849602,dloss:0.012440806664526462==pert:0.09466078132390976==
[2023-04-02 00:13:16,188]:INFO:iter:38, batch_loss==mmLoss:0.0031504718272481113,dloss:0.014202283890917898==pert:0.09677901118993759==
[2023-04-02 00:13:33,849]:INFO:iter:39, batch_loss==mmLoss:0.0033353435155004264,dloss:0.014201950607821345==pert:0.09898460656404495==
[2023-04-02 00:13:50,098]:INFO:iter:40, batch_loss==mmLoss:0.0032854468212462963,dloss:0.011854664888232946==pert:0.10118421167135239==
[2023-04-02 00:14:06,462]:INFO:iter:41, batch_loss==mmLoss:0.0034324854443548245,dloss:0.011410342138260603==pert:0.10330038517713547==
[2023-04-02 00:14:22,642]:INFO:iter:42, batch_loss==mmLoss:0.0032181737852442893,dloss:0.01175547213293612==pert:0.10521950572729111==
[2023-04-02 00:14:40,023]:INFO:iter:43, batch_loss==mmLoss:0.003009264341671951,dloss:0.012396743185818196==pert:0.10722509771585464==
[2023-04-02 00:14:56,128]:INFO:iter:44, batch_loss==mmLoss:0.0030755179096013307,dloss:0.0130418233666569==pert:0.10920412093400955==
[2023-04-02 00:15:13,646]:INFO:iter:45, batch_loss==mmLoss:0.0027962781791575253,dloss:0.012297323159873485==pert:0.11112911999225616==
[2023-04-02 00:15:32,631]:INFO:iter:46, batch_loss==mmLoss:0.002267536414146889,dloss:0.012062020329758526==pert:0.11314087361097336==
[2023-04-02 00:15:51,065]:INFO:iter:47, batch_loss==mmLoss:0.0023986570569104514,dloss:0.011783641306683421==pert:0.1150691956281662==
[2023-04-02 00:16:08,977]:INFO:iter:48, batch_loss==mmLoss:0.0021145588697254426,dloss:0.010664818603545427==pert:0.11681009083986282==
[2023-04-02 00:16:28,856]:INFO:iter:49, batch_loss==mmLoss:0.002112957992358133,dloss:0.011484478572383524==pert:0.11851715296506882==
[2023-04-02 00:16:41,021]:INFO:iter:49,original:--P:0.5301204819277109,--R:0.0031831006293858064,--F:0.006328203653099382
[2023-04-04 15:39:57,859]:INFO:lambda=0.01
[2023-04-04 15:39:57,859]:INFO:iter=24,mui=0.06
[2023-04-04 15:43:44,208]:INFO:iter:24 mui:0.06 R:0.3415 P:0.7360 F:0.4666 MUI:0.0593
[2023-04-04 15:43:44,208]:INFO:iter=28,mui=0.07
[2023-04-04 15:46:30,055]:INFO:iter:28 mui:0.07 R:0.1804 P:0.7617 F:0.2916 MUI:0.0709
[2023-04-04 15:46:30,055]:INFO:iter=31,mui=0.08
[2023-04-04 15:48:16,296]:INFO:iter:31 mui:0.08 R:0.1077 P:0.7524 F:0.1885 MUI:0.0796
[2023-04-04 15:48:16,297]:INFO:iter=40,mui=0.1
[2023-04-04 15:49:09,626]:INFO:iter:40 mui:0.1 R:0.0276 P:0.7299 F:0.0531 MUI:0.1012
[2023-04-04 15:49:09,627]:INFO:iter=44,mui=0.11
[2023-04-04 15:49:35,802]:INFO:iter:44 mui:0.11 R:0.0121 P:0.7137 F:0.0238 MUI:0.1092
