[2023-04-01 18:21:19,118]:INFO:iter:1, batch_loss==mmLoss:0.000705294157814933,dloss:0.0820013608597219==pert:0.006786230485886335==
[2023-04-01 18:21:28,367]:INFO:iter:2, batch_loss==mmLoss:0.0007732278640287404,dloss:0.07811538281850516==pert:0.00965891033411026==
[2023-04-01 18:21:40,411]:INFO:iter:3, batch_loss==mmLoss:0.0005263375271169935,dloss:0.09827240195125342==pert:0.01315485779196024==
[2023-04-01 18:21:52,127]:INFO:iter:4, batch_loss==mmLoss:0.0005870146915549412,dloss:0.09393988061696291==pert:0.01589716598391533==
[2023-04-01 18:22:03,478]:INFO:iter:5, batch_loss==mmLoss:0.0006346900964854285,dloss:0.0895515201613307==pert:0.018520956858992577==
[2023-04-01 18:22:14,270]:INFO:iter:6, batch_loss==mmLoss:0.0006325777225720231,dloss:0.08719272186979651==pert:0.02091328799724579==
[2023-04-01 18:22:25,619]:INFO:iter:7, batch_loss==mmLoss:0.0007138160790782421,dloss:0.08845946621149778==pert:0.023267274722456932==
[2023-04-01 18:22:37,048]:INFO:iter:8, batch_loss==mmLoss:0.0006790881748929678,dloss:0.08646241888403892==pert:0.025651240721344948==
[2023-04-01 18:22:48,354]:INFO:iter:9, batch_loss==mmLoss:0.0006481567446462577,dloss:0.08516880204901099==pert:0.02804269827902317==
[2023-04-01 18:23:00,103]:INFO:iter:10, batch_loss==mmLoss:0.0006564796053862665,dloss:0.08600426383316517==pert:0.030349453911185265==
[2023-04-01 18:23:11,500]:INFO:iter:11, batch_loss==mmLoss:0.000598354068019944,dloss:0.08271685399115086==pert:0.03266073763370514==
[2023-04-01 18:23:22,752]:INFO:iter:12, batch_loss==mmLoss:0.0006829244513937738,dloss:0.08727624393999577==pert:0.03500496596097946==
[2023-04-01 18:23:33,987]:INFO:iter:13, batch_loss==mmLoss:0.0006087922521692235,dloss:0.07840990489348769==pert:0.03741315379738808==
[2023-04-01 18:23:45,467]:INFO:iter:14, batch_loss==mmLoss:0.0005010843463605852,dloss:0.08310832538641989==pert:0.03973524644970894==
[2023-04-01 18:23:57,281]:INFO:iter:15, batch_loss==mmLoss:0.0004938675713628981,dloss:0.08627817676402628==pert:0.04204479232430458==
[2023-04-01 18:24:09,811]:INFO:iter:16, batch_loss==mmLoss:0.0004306206333421869,dloss:0.0851698349416256==pert:0.0444418266415596==
[2023-04-01 18:24:22,810]:INFO:iter:17, batch_loss==mmLoss:0.0003548675281490432,dloss:0.0807953753322363==pert:0.046835899353027344==
[2023-04-01 18:24:34,121]:INFO:iter:18, batch_loss==mmLoss:0.00039910275057991384,dloss:0.07910806691274047==pert:0.049212027341127396==
[2023-04-01 18:24:46,598]:INFO:iter:19, batch_loss==mmLoss:0.0004131758529547369,dloss:0.08372619638219475==pert:0.051604703068733215==
[2023-04-01 18:24:58,376]:INFO:iter:20, batch_loss==mmLoss:0.0004459193866932765,dloss:0.07717520948499441==pert:0.053934987634420395==
[2023-04-01 18:25:10,147]:INFO:iter:21, batch_loss==mmLoss:0.0005201010450036847,dloss:0.08055886968038976==pert:0.05646570399403572==
[2023-04-01 18:25:22,047]:INFO:iter:22, batch_loss==mmLoss:0.0005889249587198719,dloss:0.07813505256548524==pert:0.05892374366521835==
[2023-04-01 18:25:34,206]:INFO:iter:23, batch_loss==mmLoss:0.000713884830911411,dloss:0.07336768109351396==pert:0.06146509572863579==
[2023-04-01 18:25:48,652]:INFO:iter:24, batch_loss==mmLoss:0.0009395170173957013,dloss:0.06761213174089789==pert:0.06411711871623993==
[2023-04-01 18:26:03,001]:INFO:iter:25, batch_loss==mmLoss:0.0013098945107776672,dloss:0.05683275816962123==pert:0.06685541570186615==
[2023-04-01 18:26:17,183]:INFO:iter:26, batch_loss==mmLoss:0.0016131280341505772,dloss:0.04819442708045244==pert:0.06965036690235138==
[2023-04-01 18:26:31,843]:INFO:iter:27, batch_loss==mmLoss:0.002038990825531073,dloss:0.03904395845718682==pert:0.07257812470197678==
[2023-04-01 18:26:46,119]:INFO:iter:28, batch_loss==mmLoss:0.0022428738453891127,dloss:0.02787240664474666==pert:0.07549628615379333==
[2023-04-01 18:27:00,489]:INFO:iter:29, batch_loss==mmLoss:0.002584631780300697,dloss:0.026979763302952053==pert:0.07847808301448822==
[2023-04-01 18:27:15,466]:INFO:iter:30, batch_loss==mmLoss:0.0025910279063828057,dloss:0.024975150739774108==pert:0.08142971992492676==
[2023-04-01 18:27:29,947]:INFO:iter:31, batch_loss==mmLoss:0.003017278185870964,dloss:0.02259516077116132==pert:0.08447477221488953==
[2023-04-01 18:27:45,434]:INFO:iter:32, batch_loss==mmLoss:0.0029007212930810054,dloss:0.017890688348561525==pert:0.08758465945720673==
[2023-04-01 18:28:02,094]:INFO:iter:33, batch_loss==mmLoss:0.0027730575576424598,dloss:0.015666024312376976==pert:0.09063825011253357==
[2023-04-01 18:29:04,782]:INFO:iter:33,original:--P:0.7447325769854133,--R:0.06648339723648991,--F:0.12206946934980409
[2023-04-01 23:44:38,922]:INFO:iter:34, batch_loss==mmLoss:0.003340783263265621,dloss:0.012618662295863033==pert:0.09346160292625427==
[2023-04-01 23:44:56,287]:INFO:iter:35, batch_loss==mmLoss:0.0027124031227867816,dloss:0.014288868233561515==pert:0.09627607464790344==
[2023-04-01 23:45:14,193]:INFO:iter:36, batch_loss==mmLoss:0.00280227041524995,dloss:0.015387477092444897==pert:0.09900322556495667==
[2023-04-01 23:45:31,875]:INFO:iter:37, batch_loss==mmLoss:0.0027040186547674237,dloss:0.013007698627188802==pert:0.10148374736309052==
[2023-04-01 23:45:50,070]:INFO:iter:38, batch_loss==mmLoss:0.002500868757488206,dloss:0.014381228433921932==pert:0.1039619967341423==
[2023-04-01 23:46:05,997]:INFO:iter:39, batch_loss==mmLoss:0.0026423991856427166,dloss:0.012243307996541261==pert:0.10653141140937805==
[2023-04-01 23:46:22,923]:INFO:iter:40, batch_loss==mmLoss:0.002617997167617432,dloss:0.012887518042698503==pert:0.10899171978235245==
[2023-04-01 23:46:40,807]:INFO:iter:41, batch_loss==mmLoss:0.0020750580485582757,dloss:0.011098679918795824==pert:0.11124583333730698==
[2023-04-01 23:46:57,752]:INFO:iter:42, batch_loss==mmLoss:0.0023718036781065167,dloss:0.012623917395249009==pert:0.11351895332336426==
[2023-04-01 23:47:14,506]:INFO:iter:43, batch_loss==mmLoss:0.002159676743176533,dloss:0.011012276280671357==pert:0.11575789004564285==
[2023-04-01 23:47:31,967]:INFO:iter:44, batch_loss==mmLoss:0.0020795469084987418,dloss:0.011337172798812389==pert:0.11783737689256668==
[2023-04-01 23:47:49,899]:INFO:iter:45, batch_loss==mmLoss:0.0018418014085909817,dloss:0.010745297465473414==pert:0.11988094449043274==
[2023-04-01 23:48:02,243]:INFO:iter:45,original:--P:0.5853658536585366,--R:0.003472473413875425,--F:0.006903991370010787
[2023-04-04 15:28:58,259]:INFO:lambda=0
[2023-04-04 15:28:58,259]:INFO:iter=23,mui=0.06
[2023-04-04 15:33:59,792]:INFO:iter:23 mui:0.06 R:0.5339 P:0.6844 F:0.5999 MUI:0.0615
[2023-04-04 15:33:59,792]:INFO:iter=26,mui=0.07
[2023-04-04 15:37:18,531]:INFO:iter:26 mui:0.07 R:0.2638 P:0.7128 F:0.3850 MUI:0.0697
[2023-04-04 15:37:18,532]:INFO:iter=30,mui=0.08
[2023-04-04 15:39:04,841]:INFO:iter:30 mui:0.08 R:0.1170 P:0.7294 F:0.2016 MUI:0.0814
[2023-04-04 15:39:04,841]:INFO:iter=37,mui=0.1
[2023-04-04 15:39:40,077]:INFO:iter:37 mui:0.1 R:0.0263 P:0.7076 F:0.0506 MUI:0.1015
[2023-04-04 15:39:40,077]:INFO:iter=41,mui=0.11
[2023-04-04 15:39:57,822]:INFO:iter:41 mui:0.11 R:0.0084 P:0.6374 F:0.0166 MUI:0.1112
