[2023-04-01 17:53:07,073]:INFO:iter:1, batch_loss==mmLoss:0.0007054611801140709,dloss:0.0819997262954712==pert:0.007905881851911545==
[2023-04-01 17:53:16,344]:INFO:iter:2, batch_loss==mmLoss:0.0007602363896148745,dloss:0.07814981740899384==pert:0.009777254424989223==
[2023-04-01 17:53:28,337]:INFO:iter:3, batch_loss==mmLoss:0.00048772805443149993,dloss:0.09833191584795714==pert:0.01320941187441349==
[2023-04-01 17:53:39,976]:INFO:iter:4, batch_loss==mmLoss:0.0006282475416082889,dloss:0.09386595629155636==pert:0.01601254753768444==
[2023-04-01 17:53:50,658]:INFO:iter:5, batch_loss==mmLoss:0.0007662946003620163,dloss:0.08785293564200401==pert:0.019011763855814934==
[2023-04-01 17:54:01,913]:INFO:iter:6, batch_loss==mmLoss:0.0006596008216729388,dloss:0.08941887119784951==pert:0.02165176533162594==
[2023-04-01 17:54:13,261]:INFO:iter:7, batch_loss==mmLoss:0.0006749484551255591,dloss:0.08873257169499993==pert:0.02451607584953308==
[2023-04-01 17:54:24,324]:INFO:iter:8, batch_loss==mmLoss:0.0006713157672493253,dloss:0.08455611975863576==pert:0.026967842131853104==
[2023-04-01 17:54:35,046]:INFO:iter:9, batch_loss==mmLoss:0.0007403096265625208,dloss:0.08256106242537499==pert:0.029672155156731606==
[2023-04-01 17:54:46,039]:INFO:iter:10, batch_loss==mmLoss:0.0006806599668925628,dloss:0.08583363691344857==pert:0.03217098116874695==
[2023-04-01 17:54:57,003]:INFO:iter:11, batch_loss==mmLoss:0.0006548174061754252,dloss:0.08300183968618512==pert:0.03491450473666191==
[2023-04-01 17:55:07,652]:INFO:iter:12, batch_loss==mmLoss:0.0006666905865358785,dloss:0.08133376969024539==pert:0.03763607516884804==
[2023-04-01 17:55:18,936]:INFO:iter:13, batch_loss==mmLoss:0.000525144832499791,dloss:0.08101022128015757==pert:0.04046117514371872==
[2023-04-01 17:55:30,217]:INFO:iter:14, batch_loss==mmLoss:0.0005028537983707793,dloss:0.08133366086520255==pert:0.04321568086743355==
[2023-04-01 17:55:42,374]:INFO:iter:15, batch_loss==mmLoss:0.0005366127238085028,dloss:0.08605946538969875==pert:0.04570195823907852==
[2023-04-01 17:55:54,615]:INFO:iter:16, batch_loss==mmLoss:0.0006883794251189102,dloss:0.08441560981795192==pert:0.048541173338890076==
[2023-04-01 17:56:05,816]:INFO:iter:17, batch_loss==mmLoss:0.0009003371596918441,dloss:0.08020725790411234==pert:0.051576465368270874==
[2023-04-01 17:56:17,233]:INFO:iter:18, batch_loss==mmLoss:0.0010374294116263626,dloss:0.0792650214675814==pert:0.05457097664475441==
[2023-04-01 17:56:28,882]:INFO:iter:19, batch_loss==mmLoss:0.0016341326246401876,dloss:0.0745160305313766==pert:0.05750901252031326==
[2023-04-01 17:56:39,816]:INFO:iter:20, batch_loss==mmLoss:0.0030262115724326577,dloss:0.07123111336492002==pert:0.06044548749923706==
[2023-04-01 17:56:54,314]:INFO:iter:21, batch_loss==mmLoss:0.003614620608277619,dloss:0.060298248939216134==pert:0.06337254494428635==
[2023-04-01 17:57:08,701]:INFO:iter:22, batch_loss==mmLoss:0.004535322223091498,dloss:0.04744173270650208==pert:0.06622274219989777==
[2023-04-01 17:57:23,564]:INFO:iter:23, batch_loss==mmLoss:0.0047600474825594576,dloss:0.03255838614888489==pert:0.06938979774713516==
[2023-04-01 17:57:37,992]:INFO:iter:24, batch_loss==mmLoss:0.005128129342629109,dloss:0.03533517754636705==pert:0.07269489765167236==
[2023-04-01 17:57:52,257]:INFO:iter:25, batch_loss==mmLoss:0.005081326112849638,dloss:0.023149996092543007==pert:0.07610823214054108==
[2023-04-01 17:58:06,362]:INFO:iter:26, batch_loss==mmLoss:0.005255471671971463,dloss:0.022151890443637967==pert:0.07939136773347855==
[2023-04-01 17:58:20,645]:INFO:iter:27, batch_loss==mmLoss:0.005136583347339183,dloss:0.02090545098297298==pert:0.08304470032453537==
[2023-04-01 17:58:35,273]:INFO:iter:28, batch_loss==mmLoss:0.004743066241499037,dloss:0.016139601096510886==pert:0.08661803603172302==
[2023-04-01 17:58:50,041]:INFO:iter:29, batch_loss==mmLoss:0.005024085368495435,dloss:0.014581379564478993==pert:0.0901050791144371==
[2023-04-01 17:59:43,001]:INFO:iter:29,original:--P:0.7624890446976337,--R:0.06293858062649207,--F:0.11627906976744186
[2023-04-01 22:40:58,510]:INFO:iter:30, batch_loss==mmLoss:0.0042459163663443175,dloss:0.015630452698096632==pert:0.09366587549448013==
[2023-04-01 22:41:16,074]:INFO:iter:31, batch_loss==mmLoss:0.004075919476454146,dloss:0.013732186015695334==pert:0.09731294214725494==
[2023-04-01 22:41:33,076]:INFO:iter:32, batch_loss==mmLoss:0.003947740500261716,dloss:0.012361320806667209==pert:0.1008470430970192==
[2023-04-01 22:41:49,919]:INFO:iter:33, batch_loss==mmLoss:0.0038835371169261635,dloss:0.012777979485690594==pert:0.10437332093715668==
[2023-04-01 22:42:06,978]:INFO:iter:34, batch_loss==mmLoss:0.0038946325224242175,dloss:0.012409054404124618==pert:0.10768783837556839==
[2023-04-01 22:42:24,925]:INFO:iter:35, batch_loss==mmLoss:0.00339620682207169,dloss:0.011910637365654111==pert:0.11111999303102493==
[2023-04-01 22:42:43,086]:INFO:iter:36, batch_loss==mmLoss:0.0030404212186113,dloss:0.011410192037001252==pert:0.11434822529554367==
[2023-04-01 22:43:00,683]:INFO:iter:37, batch_loss==mmLoss:0.0030332833930151537,dloss:0.010550726419314743==pert:0.11773018538951874==
[2023-04-01 22:43:18,145]:INFO:iter:38, batch_loss==mmLoss:0.003265568359638564,dloss:0.011341773392632603==pert:0.12058039754629135==
[2023-04-01 22:43:30,116]:INFO:iter:38,original:--P:0.5573770491803278,--R:0.0024596686681617594,--F:0.004897723998847595
[2023-04-04 15:07:04,801]:INFO:lambda=0.001
[2023-04-04 15:07:04,801]:INFO:iter=20,mui=0.06
[2023-04-04 15:11:37,480]:INFO:iter:20 mui:0.06 R:0.4303 P:0.6853 F:0.5286 MUI:0.0604
[2023-04-04 15:11:37,480]:INFO:iter=23,mui=0.07
[2023-04-04 15:14:26,707]:INFO:iter:23 mui:0.07 R:0.2191 P:0.7368 F:0.3378 MUI:0.0694
[2023-04-04 15:14:26,707]:INFO:iter=26,mui=0.08
[2023-04-04 15:16:13,291]:INFO:iter:26 mui:0.08 R:0.1154 P:0.7439 F:0.1998 MUI:0.0794
[2023-04-04 15:16:13,291]:INFO:iter=32,mui=0.1
[2023-04-04 15:16:47,652]:INFO:iter:32 mui:0.1 R:0.0266 P:0.7216 F:0.0514 MUI:0.1008
[2023-04-04 15:16:47,652]:INFO:iter=35,mui=0.11
[2023-04-04 15:17:04,123]:INFO:iter:35 mui:0.11 R:0.0077 P:0.6625 F:0.0152 MUI:0.1111
