[2023-04-02 11:54:26,850]:INFO:lambda=0.1
[2023-04-02 11:55:45,857]:INFO:lambda=0.1
[2023-04-02 11:56:25,721]:INFO:lambda=0.001
[2023-04-02 11:56:28,165]:INFO:lambda=0.001
[2023-04-02 11:57:32,384]:INFO:lambda=0.001
[2023-04-02 11:57:32,384]:INFO:iter=24,mui=0.09
[2023-04-02 11:58:28,091]:INFO:lambda=0.001
[2023-04-02 11:58:28,091]:INFO:iter=24,mui=0.09
[2023-04-02 12:04:58,808]:INFO:model:psenet,iter:24 mui:0.09 R:0.9684 P:0.9581 F:0.9632 MUI:0.0893
[2023-04-02 12:12:42,675]:INFO:model:dbnet,iter:24 mui:0.09 R:0.8346 P:0.4768 F:0.6069 MUI:0.0893
[2023-04-02 16:52:57,141]:INFO:lambda=0.001
[2023-04-02 16:52:57,142]:INFO:iter=24,mui=0.09
[2023-04-02 16:53:13,180]:INFO:lambda=0.001
[2023-04-02 16:53:13,180]:INFO:iter=24,mui=0.09
[2023-04-02 16:54:42,145]:INFO:model:easyocr,iter:24 mui:0.09 R:0.7287 P:0.6745 F:0.7005 MUI:0.0893
[2023-04-02 17:01:08,786]:INFO:model:psenet,iter:24 mui:0.09 R:0.9684 P:0.9581 F:0.9632 MUI:0.0893
[2023-04-02 17:08:56,388]:INFO:model:dbnet,iter:24 mui:0.09 R:0.8346 P:0.4768 F:0.6069 MUI:0.0893
[2023-04-02 17:15:29,140]:INFO:model:panpp,iter:24 mui:0.09 R:0.8045 P:0.8874 F:0.8440 MUI:0.0893
[2023-04-02 17:21:17,460]:INFO:model:panet,iter:24 mui:0.09 R:0.7617 P:0.5450 F:0.6354 MUI:0.0893
[2023-04-02 17:28:01,151]:INFO:model:craft,iter:24 mui:0.09 R:0.5710 P:0.6701 F:0.6166 MUI:0.0893
[2023-04-02 17:28:01,151]:INFO:iter=32,mui=0.12
[2023-04-02 17:29:24,110]:INFO:model:easyocr,iter:32 mui:0.12 R:0.4678 P:0.3867 F:0.4234 MUI:0.1219
[2023-04-02 17:35:11,461]:INFO:model:psenet,iter:32 mui:0.12 R:0.6034 P:0.7983 F:0.6873 MUI:0.1219
[2023-04-02 17:47:14,457]:INFO:model:dbnet,iter:32 mui:0.12 R:0.6497 P:0.2055 F:0.3123 MUI:0.1219
[2023-04-02 17:50:28,102]:INFO:model:panpp,iter:32 mui:0.12 R:0.2838 P:0.7586 F:0.4131 MUI:0.1219
[2023-04-02 17:58:30,149]:INFO:model:panet,iter:32 mui:0.12 R:0.5596 P:0.2556 F:0.3509 MUI:0.1219
[2023-04-02 18:01:44,109]:INFO:model:craft,iter:32 mui:0.12 R:0.0839 P:0.6067 F:0.1474 MUI:0.1219
